<?xml version="1.0" encoding="UTF-8"?>
<!-- Generated by org.testng.reporters.JUnitReportReporter -->
<testsuite hostname="LAPTOP-RLPFVKCU" failures="0" tests="3" name="com.nopCommerce.TestCases.TC_AddCampaignDDT_003" time="70.709" errors="0" timestamp="2020-10-15T23:55:10 IST" skipped="0">
  <testcase classname="com.nopCommerce.TestCases.TC_AddCampaignDDT_003" name="addCampaignTest" time="22.727"/>
  <system-out/>
  <testcase classname="com.nopCommerce.TestCases.TC_AddCampaignDDT_003" name="addCampaignTest" time="23.228"/>
  <system-out/>
  <testcase classname="com.nopCommerce.TestCases.TC_AddCampaignDDT_003" name="addCampaignTest" time="24.754"/>
  <system-out/>
</testsuite> <!-- com.nopCommerce.TestCases.TC_AddCampaignDDT_003 -->
