<?xml version="1.0" encoding="UTF-8"?>
<!-- Generated by org.testng.reporters.JUnitReportReporter -->
<testsuite hostname="LAPTOP-RLPFVKCU" failures="0" tests="2" name="com.nopCommerce.TestCases.TC_AddCustomer_002" time="36.438" errors="0" timestamp="2020-10-15T23:43:56 IST" skipped="0">
  <testcase classname="com.nopCommerce.TestCases.TC_AddCustomer_002" name="addNewCustomerTest" time="23.080"/>
  <system-out/>
  <testcase classname="com.nopCommerce.TestCases.TC_AddCustomer_002" name="CustomerAdditionWithDuplicateEmailCheck" time="13.358"/>
  <system-out/>
</testsuite> <!-- com.nopCommerce.TestCases.TC_AddCustomer_002 -->
