<?xml version="1.0" encoding="UTF-8"?>
<!-- Generated by org.testng.reporters.JUnitReportReporter -->
<testsuite hostname="LAPTOP-RLPFVKCU" failures="0" tests="3" name="com.nopCommerce.TestCases.TC_AddCampaignDDT_003" time="73.473" errors="0" timestamp="2020-10-15T23:43:56 IST" skipped="0">
  <testcase classname="com.nopCommerce.TestCases.TC_AddCampaignDDT_003" name="addCampaignTest" time="26.046"/>
  <system-out/>
  <testcase classname="com.nopCommerce.TestCases.TC_AddCampaignDDT_003" name="addCampaignTest" time="24.196"/>
  <system-out/>
  <testcase classname="com.nopCommerce.TestCases.TC_AddCampaignDDT_003" name="addCampaignTest" time="23.231"/>
  <system-out/>
</testsuite> <!-- com.nopCommerce.TestCases.TC_AddCampaignDDT_003 -->
