<?xml version="1.0" encoding="UTF-8"?>
<!-- Generated by org.testng.reporters.JUnitReportReporter -->
<testsuite hostname="LAPTOP-RLPFVKCU" failures="0" tests="1" name="com.nopCommerce.TestCases.TC_Login_001" time="6.245" errors="0" timestamp="2020-10-15T23:43:56 IST" skipped="0">
  <testcase classname="com.nopCommerce.TestCases.TC_Login_001" name="loginTest" time="6.245"/>
  <system-out/>
</testsuite> <!-- com.nopCommerce.TestCases.TC_Login_001 -->
