<?xml version="1.0" encoding="UTF-8"?>
<!-- Generated by org.testng.reporters.JUnitReportReporter -->
<testsuite hostname="LAPTOP-RLPFVKCU" failures="0" tests="6" name="com.nopCommerce.TestCases.TC_AddCampaign_003" time="138.327" errors="0" timestamp="2020-10-12T20:57:00 IST" skipped="0">
  <testcase classname="com.nopCommerce.TestCases.TC_AddCampaign_003" name="addCampaignTest" time="24.181"/>
  <system-out/>
  <testcase classname="com.nopCommerce.TestCases.TC_AddCampaign_003" name="addCampaignTest" time="22.233"/>
  <system-out/>
  <testcase classname="com.nopCommerce.TestCases.TC_AddCampaign_003" name="addCampaignTest" time="23.143"/>
  <system-out/>
  <testcase classname="com.nopCommerce.TestCases.TC_AddCampaign_003" name="addCampaignTest" time="22.400"/>
  <system-out/>
  <testcase classname="com.nopCommerce.TestCases.TC_AddCampaign_003" name="addCampaignTest" time="23.321"/>
  <system-out/>
  <testcase classname="com.nopCommerce.TestCases.TC_AddCampaign_003" name="addCampaignTest" time="23.049"/>
  <system-out/>
</testsuite> <!-- com.nopCommerce.TestCases.TC_AddCampaign_003 -->
