<?xml version="1.0" encoding="UTF-8"?>
<!-- Generated by org.testng.reporters.JUnitReportReporter -->
<testsuite hostname="LAPTOP-RLPFVKCU" failures="0" tests="1" name="com.nopCommerce.TestCases.TC_AddGiftCard_004" time="16.782" errors="0" timestamp="2020-10-13T22:20:53 IST" skipped="0">
  <testcase classname="com.nopCommerce.TestCases.TC_AddGiftCard_004" name="addGiftCardTest" time="16.782"/>
  <system-out/>
</testsuite> <!-- com.nopCommerce.TestCases.TC_AddGiftCard_004 -->
